<?xml version="1.0" encoding="UTF-8"?>
<!-- Generated by org.testng.reporters.JUnitReportReporter -->
<testsuite hostname="IN-PG02NM7Z" failures="0" tests="1" name="com.runner.TestRunner" time="0.000" errors="0" timestamp="24 Dec 2021 17:40:38 GMT" skipped="1">
  <testcase classname="com.runner.TestRunner" name="feature" time="0.000">
    <skipped/>
  </testcase> <!-- feature -->
</testsuite> <!-- com.runner.TestRunner -->
